<?xml version="1.0" encoding="UTF-8"?>
<!-- Generated by org.testng.reporters.JUnitReportReporter -->
<testsuite hostname="DESKTOP-EMTR17J" failures="0" tests="44" name="runner.runnercucumber" time="25.584" errors="0" timestamp="2023-04-12T22:24:30 EDT" skipped="0">
  <testcase classname="runner.runnercucumber" name="runScenario" time="1.062"/>
  <system-out/>
  <testcase classname="runner.runnercucumber" name="runScenario" time="1.167"/>
  <system-out/>
  <testcase classname="runner.runnercucumber" name="runScenario" time="0.284"/>
  <system-out/>
  <testcase classname="runner.runnercucumber" name="runScenario" time="1.076"/>
  <system-out/>
  <testcase classname="runner.runnercucumber" name="runScenario" time="0.416"/>
  <system-out/>
  <testcase classname="runner.runnercucumber" name="runScenario" time="0.705"/>
  <system-out/>
  <testcase classname="runner.runnercucumber" name="runScenario" time="0.989"/>
  <system-out/>
  <testcase classname="runner.runnercucumber" name="runScenario" time="0.367"/>
  <system-out/>
  <testcase classname="runner.runnercucumber" name="runScenario" time="0.711"/>
  <system-out/>
  <testcase classname="runner.runnercucumber" name="runScenario" time="0.393"/>
  <system-out/>
  <testcase classname="runner.runnercucumber" name="runScenario" time="0.227"/>
  <system-out/>
  <testcase classname="runner.runnercucumber" name="runScenario" time="0.261"/>
  <system-out/>
  <testcase classname="runner.runnercucumber" name="runScenario" time="0.519"/>
  <system-out/>
  <testcase classname="runner.runnercucumber" name="runScenario" time="1.111"/>
  <system-out/>
  <testcase classname="runner.runnercucumber" name="runScenario" time="1.021"/>
  <system-out/>
  <testcase classname="runner.runnercucumber" name="runScenario" time="1.202"/>
  <system-out/>
  <testcase classname="runner.runnercucumber" name="runScenario" time="0.633"/>
  <system-out/>
  <testcase classname="runner.runnercucumber" name="runScenario" time="0.481"/>
  <system-out/>
  <testcase classname="runner.runnercucumber" name="runScenario" time="0.331"/>
  <system-out/>
  <testcase classname="runner.runnercucumber" name="runScenario" time="0.234"/>
  <system-out/>
  <testcase classname="runner.runnercucumber" name="runScenario" time="0.993"/>
  <system-out/>
  <testcase classname="runner.runnercucumber" name="runScenario" time="0.270"/>
  <system-out/>
  <testcase classname="runner.runnercucumber" name="runScenario" time="0.581"/>
  <system-out/>
  <testcase classname="runner.runnercucumber" name="runScenario" time="0.265"/>
  <system-out/>
  <testcase classname="runner.runnercucumber" name="runScenario" time="0.469"/>
  <system-out/>
  <testcase classname="runner.runnercucumber" name="runScenario" time="0.464"/>
  <system-out/>
  <testcase classname="runner.runnercucumber" name="runScenario" time="0.396"/>
  <system-out/>
  <testcase classname="runner.runnercucumber" name="runScenario" time="0.298"/>
  <system-out/>
  <testcase classname="runner.runnercucumber" name="runScenario" time="0.244"/>
  <system-out/>
  <testcase classname="runner.runnercucumber" name="runScenario" time="0.392"/>
  <system-out/>
  <testcase classname="runner.runnercucumber" name="runScenario" time="1.038"/>
  <system-out/>
  <testcase classname="runner.runnercucumber" name="runScenario" time="0.268"/>
  <system-out/>
  <testcase classname="runner.runnercucumber" name="runScenario" time="0.162"/>
  <system-out/>
  <testcase classname="runner.runnercucumber" name="runScenario" time="2.673"/>
  <system-out/>
  <testcase classname="runner.runnercucumber" name="runScenario" time="0.269"/>
  <system-out/>
  <testcase classname="runner.runnercucumber" name="runScenario" time="0.667"/>
  <system-out/>
  <testcase classname="runner.runnercucumber" name="runScenario" time="0.312"/>
  <system-out/>
  <testcase classname="runner.runnercucumber" name="runScenario" time="0.250"/>
  <system-out/>
  <testcase classname="runner.runnercucumber" name="runScenario" time="0.610"/>
  <system-out/>
  <testcase classname="runner.runnercucumber" name="runScenario" time="0.408"/>
  <system-out/>
  <testcase classname="runner.runnercucumber" name="runScenario" time="0.292"/>
  <system-out/>
  <testcase classname="runner.runnercucumber" name="runScenario" time="0.342"/>
  <system-out/>
  <testcase classname="runner.runnercucumber" name="runScenario" time="0.294"/>
  <system-out/>
  <testcase classname="runner.runnercucumber" name="runScenario" time="0.437"/>
  <system-out/>
</testsuite> <!-- runner.runnercucumber -->
